[2026-05-04 17:29:29] LOGIN_FAIL (Attempt 1)
[2026-05-04 17:29:35] SUCCESSFUL_LOGIN
[2026-05-04 17:29:48] BASKET_ADD (CLOTHES/Socks x1)
[2026-05-04 17:29:58] FAVORITE_ADD (Headphones)
[2026-05-04 17:30:35] CHECKOUT_SUCCESS total=58.99 | new_balance=348.90999999999997
[2026-05-04 17:31:25] PASSWORD_CHANGED
[2026-05-04 17:31:40] PASSWORD_CHANGED
[2026-05-04 17:33:03] LOGIN_FAIL (Attempt 1)
[2026-05-04 17:33:09] LOGIN_FAIL (Attempt 2)
[2026-05-04 17:33:11] LOGIN_FAIL (Attempt 3)
[2026-05-04 17:33:25] LOGIN_FAIL (Attempt 1)
[2026-05-04 17:33:28] LOGIN_FAIL (Attempt 2)
[2026-05-04 17:33:31] LOGIN_FAIL (Attempt 3)
[2026-05-04 17:33:56] LOGIN_FAIL (Attempt 1)
[2026-05-04 17:34:00] LOGIN_FAIL (Attempt 2)
[2026-05-04 17:34:02] LOGIN_FAIL (Attempt 3)
[2026-05-04 17:34:24] SUCCESSFUL_LOGIN
[2026-05-04 17:34:56] BASKET_ADD (CLOTHES/Socks x20)
[2026-05-04 17:35:11] BASKET_ADD (DRINKS/Juice x200)
[2026-05-04 17:35:19] CHECKOUT_FAIL (insufficient balance: 479.8 > 348.90999999999997)
